<?xml version="1.0" encoding="UTF-8"?>
<!-- Generated by org.testng.reporters.JUnitReportReporter -->
<testsuite skipped="0" hostname="G1C2ML15656" name="com.bookmyroom.testng.ApplicationTest" tests="6" failures="0" timestamp="21 Sep 2018 06:49:59 GMT" time="42.115" errors="0">
  <testcase name="signUpTest" time="4.546" classname="com.bookmyroom.testng.ApplicationTest"/>
  <testcase name="signUpTest" time="4.797" classname="com.bookmyroom.testng.ApplicationTest"/>
  <testcase name="signUpTest" time="5.599" classname="com.bookmyroom.testng.ApplicationTest"/>
  <testcase name="signUpTest" time="16.407" classname="com.bookmyroom.testng.ApplicationTest"/>
  <testcase name="signUpTest" time="5.479" classname="com.bookmyroom.testng.ApplicationTest"/>
  <testcase name="signUpTest" time="5.287" classname="com.bookmyroom.testng.ApplicationTest"/>
</testsuite> <!-- com.bookmyroom.testng.ApplicationTest -->
